Unity Editor version:    2021.2.12f1 (48b1aa000234)
Branch:                  2021.2/staging
Build type:              Release
Batch mode:              YES
macOS version:           Version 12.1 (Build 21C52)
Darwin version:          21.2.0
Architecture:            arm64
Running under Rosetta:   NO
Available memory:        8192 MB
Using pre-set license
Pro License: NO

COMMAND LINE ARGUMENTS:
/Applications/Unity/Hub/Editor/2021.2.12f1/Unity.app/Contents/MacOS/Unity
-adb2
-batchMode
-noUpm
-name
AssetImportWorker0
-projectPath
/Users/paulmaris/E3
-logFile
Logs/AssetImportWorker0.log
-srvPort
59692
Successfully changed project path to: /Users/paulmaris/E3
/Users/paulmaris/E3
[UnityMemory] Configuration Parameters - Can be set up in boot.config
    "memorysetup-bucket-allocator-granularity=16"
    "memorysetup-bucket-allocator-bucket-count=8"
    "memorysetup-bucket-allocator-block-size=33554432"
    "memorysetup-bucket-allocator-block-count=8"
    "memorysetup-main-allocator-block-size=16777216"
    "memorysetup-thread-allocator-block-size=16777216"
    "memorysetup-gfx-main-allocator-block-size=16777216"
    "memorysetup-gfx-thread-allocator-block-size=16777216"
    "memorysetup-cache-allocator-block-size=4194304"
    "memorysetup-typetree-allocator-block-size=2097152"
    "memorysetup-profiler-bucket-allocator-granularity=16"
    "memorysetup-profiler-bucket-allocator-bucket-count=8"
    "memorysetup-profiler-bucket-allocator-block-size=33554432"
    "memorysetup-profiler-bucket-allocator-block-count=8"
    "memorysetup-profiler-allocator-block-size=16777216"
    "memorysetup-profiler-editor-allocator-block-size=1048576"
    "memorysetup-temp-allocator-size-main=16777216"
    "memorysetup-job-temp-allocator-block-size=2097152"
    "memorysetup-job-temp-allocator-block-size-background=1048576"
    "memorysetup-job-temp-allocator-reduction-small-platforms=262144"
    "memorysetup-temp-allocator-size-background-worker=32768"
    "memorysetup-temp-allocator-size-job-worker=262144"
    "memorysetup-temp-allocator-size-preload-manager=33554432"
    "memorysetup-temp-allocator-size-nav-mesh-worker=65536"
    "memorysetup-temp-allocator-size-audio-worker=65536"
    "memorysetup-temp-allocator-size-cloud-worker=32768"
    "memorysetup-temp-allocator-size-gi-baking-worker=262144"
    "memorysetup-temp-allocator-size-gfx=262144"
Refreshing native plugins compatible for Editor in 136.39 ms, found 3 plugins.
Preloading 1 native plugins for Editor in 5.33 ms.
Initialize engine version: 2021.2.12f1 (48b1aa000234)
[Subsystems] Discovering subsystems at path /Applications/Unity/Hub/Editor/2021.2.12f1/Unity.app/Contents/Resources/UnitySubsystems
[Subsystems] Discovering subsystems at path /Users/paulmaris/E3/Assets
GfxDevice: creating device client; threaded=0; jobified=0
 preferred device: Apple M1 (high power)
Metal devices available: 1
0: Apple M1 (high power)
Using device Apple M1 (high power)
Initializing Metal device caps: Apple M1
Initialize mono
Mono path[0] = '/Applications/Unity/Hub/Editor/2021.2.12f1/Unity.app/Contents/Managed'
Mono path[1] = '/Applications/Unity/Hub/Editor/2021.2.12f1/Unity.app/Contents/MonoBleedingEdge/lib/mono/unityjit-macos'
Mono config path = '/Applications/Unity/Hub/Editor/2021.2.12f1/Unity.app/Contents/MonoBleedingEdge/etc'
Using monoOptions --debugger-agent=transport=dt_socket,embedding=1,server=y,suspend=n,address=127.0.0.1:56248
Begin MonoManager ReloadAssembly
Registering precompiled unity dll's ...
Register platform support module: /Applications/Unity/Hub/Editor/2021.2.12f1/Unity.app/Contents/PlaybackEngines/MacStandaloneSupport/UnityEditor.OSXStandalone.Extensions.dll
Registered in 0.001821 seconds.
Native extension for OSXStandalone target not found
Refreshing native plugins compatible for Editor in 84.80 ms, found 3 plugins.
Preloading 1 native plugins for Editor in 1.01 ms.
Mono: successfully reloaded assembly
- Completed reload, in  0.500 seconds
Domain Reload Profiling:
	ReloadAssembly (500ms)
		BeginReloadAssembly (76ms)
			ExecutionOrderSort (0ms)
			DisableScriptedObjects (0ms)
			BackupInstance (0ms)
			ReleaseScriptingObjects (0ms)
			CreateAndSetChildDomain (0ms)
		EndReloadAssembly (349ms)
			LoadAssemblies (76ms)
			RebuildTransferFunctionScriptingTraits (0ms)
			SetupTypeCache (74ms)
			ReleaseScriptCaches (0ms)
			RebuildScriptCaches (19ms)
			SetupLoadedEditorAssemblies (222ms)
				LogAssemblyErrors (0ms)
				InitializePlatformSupportModulesInManaged (4ms)
				SetLoadedEditorAssemblies (0ms)
				RefreshPlugins (86ms)
				BeforeProcessingInitializeOnLoad (1ms)
				ProcessInitializeOnLoadAttributes (99ms)
				ProcessInitializeOnLoadMethodAttributes (32ms)
				AfterProcessingInitializeOnLoad (0ms)
				EditorAssembliesLoaded (0ms)
			ExecutionOrderSort2 (0ms)
			AwakeInstancesAfterBackupRestoration (0ms)
Platform modules already initialized, skipping
Registering precompiled user dll's ...
Registered in 0.001353 seconds.
Begin MonoManager ReloadAssembly
Symbol file LoadedFromMemory doesn't match image /Users/paulmaris/E3/Library/PackageCache/com.unity.visualscripting@1.7.6/Editor/VisualScripting.Core/Dependencies/YamlDotNet/Unity.VisualScripting.YamlDotNet.dll
Symbol file LoadedFromMemory doesn't match image /Users/paulmaris/E3/Library/PackageCache/com.unity.visualscripting@1.7.6/Editor/VisualScripting.Core/Dependencies/DotNetZip/Unity.VisualScripting.IonicZip.dll
Native extension for OSXStandalone target not found
Refreshing native plugins compatible for Editor in 78.35 ms, found 3 plugins.
Preloading 1 native plugins for Editor in 0.26 ms.
Package Manager log level set to [2]
Mono: successfully reloaded assembly
- Completed reload, in  0.844 seconds
Domain Reload Profiling:
	ReloadAssembly (845ms)
		BeginReloadAssembly (95ms)
			ExecutionOrderSort (0ms)
			DisableScriptedObjects (13ms)
			BackupInstance (0ms)
			ReleaseScriptingObjects (0ms)
			CreateAndSetChildDomain (21ms)
		EndReloadAssembly (673ms)
			LoadAssemblies (76ms)
			RebuildTransferFunctionScriptingTraits (1ms)
			SetupTypeCache (198ms)
			ReleaseScriptCaches (3ms)
			RebuildScriptCaches (37ms)
			SetupLoadedEditorAssemblies (334ms)
				LogAssemblyErrors (0ms)
				InitializePlatformSupportModulesInManaged (2ms)
				SetLoadedEditorAssemblies (0ms)
				RefreshPlugins (79ms)
				BeforeProcessingInitializeOnLoad (68ms)
				ProcessInitializeOnLoadAttributes (172ms)
				ProcessInitializeOnLoadMethodAttributes (12ms)
				AfterProcessingInitializeOnLoad (1ms)
				EditorAssembliesLoaded (0ms)
			ExecutionOrderSort2 (0ms)
			AwakeInstancesAfterBackupRestoration (2ms)
Platform modules already initialized, skipping
========================================================================
Worker process is ready to serve import requests
Launching external process: /Applications/Unity/Hub/Editor/2021.2.12f1/Unity.app/Contents/Tools/UnityShaderCompiler
Launched and connected shader compiler UnityShaderCompiler after 0.27 seconds
Refreshing native plugins compatible for Editor in 0.46 ms, found 3 plugins.
Preloading 1 native plugins for Editor in 0.22 ms.
Unloading 3967 Unused Serialized files (Serialized files now loaded: 0)
Unloading 28 unused Assets / (95.5 KB). Loaded Objects now: 4426.
Memory consumption went from 253.2 MB to 253.1 MB.
Total: 6.036709 ms (FindLiveObjects: 0.167917 ms CreateObjectMapping: 0.053000 ms MarkObjects: 2.666417 ms  DeleteObjects: 3.148833 ms)

AssetImportParameters requested are different than current active one (requested -> active):
  custom:video-decoder-ogg-theora: a1e56fd34408186e4bbccfd4996cb3dc -> 
  custom:container-muxer-webm: aa71ff27fc2769a1b78a27578f13a17b -> 
  custom:container-demuxer-webm: 4f35f7cbe854078d1ac9338744f61a02 -> 
  custom:video-encoder-webm-vp8: eb34c28f22e8b96e1ab97ce403110664 -> 
  custom:framework-osx-AVFoundation: e770b220cccbd017edd2c1fefb359320 -> 
  custom:audio-encoder-webm-vorbis: bf7c407c2cedff20999df2af8eb42d56 -> 
  custom:container-demuxer-ogg: 62fdf1f143b41e24485cea50d1cbac27 -> 
  custom:video-decoder-webm-vp8: 9c59270c3fd7afecdb556c50c9e8de78 -> 
  custom:audio-decoder-ogg-vorbis: bf7c407c2cedff20999df2af8eb42d56 -> 
========================================================================
Received Import Request.
  Time since last request: 50079.657394 seconds.
  path: Assets/Samples/XR Interaction Toolkit
  artifactKey: Guid(074ad3d34b2984c8fae2210330c3a014) Importer(815301076,1909f56bfc062723c751e8b465ee728b)
Start importing Assets/Samples/XR Interaction Toolkit using Guid(074ad3d34b2984c8fae2210330c3a014) Importer(815301076,1909f56bfc062723c751e8b465ee728b)  -> (artifact id: 'bd6c4b3774170fd99b40d8ba2c94c46f') in 0.029976 seconds 
========================================================================
Received Import Request.
  Time since last request: 6.360324 seconds.
  path: Assets/Samples/XR Interaction Toolkit/2.0.1
  artifactKey: Guid(695a9d36e84064917ad08ea6e4f5945a) Importer(815301076,1909f56bfc062723c751e8b465ee728b)
Start importing Assets/Samples/XR Interaction Toolkit/2.0.1 using Guid(695a9d36e84064917ad08ea6e4f5945a) Importer(815301076,1909f56bfc062723c751e8b465ee728b)  -> (artifact id: 'c0415dcf5fc541491391f3b391356041') in 0.002143 seconds 
========================================================================
Received Import Request.
  Time since last request: 3.052917 seconds.
  path: Assets/Samples/XR Interaction Toolkit/2.0.1/Starter Assets/XRI Default Continuous Move.preset
  artifactKey: Guid(91f9da00cfdac5d49955df2d2d820b9c) Importer(815301076,1909f56bfc062723c751e8b465ee728b)
Start importing Assets/Samples/XR Interaction Toolkit/2.0.1/Starter Assets/XRI Default Continuous Move.preset using Guid(91f9da00cfdac5d49955df2d2d820b9c) Importer(815301076,1909f56bfc062723c751e8b465ee728b)  -> (artifact id: '80bd2ecd4112e3c3015c6addeb89fea4') in 0.907600 seconds 
========================================================================
Received Import Request.
  Time since last request: 0.000065 seconds.
  path: Assets/Samples/XR Interaction Toolkit/2.0.1/Starter Assets/XRI Default Snap Turn.preset
  artifactKey: Guid(18697d253d848974aa7052cba872c9f0) Importer(815301076,1909f56bfc062723c751e8b465ee728b)
Start importing Assets/Samples/XR Interaction Toolkit/2.0.1/Starter Assets/XRI Default Snap Turn.preset using Guid(18697d253d848974aa7052cba872c9f0) Importer(815301076,1909f56bfc062723c751e8b465ee728b)  -> (artifact id: '7acc7278423eaabf268c6d77776e39d6') in 0.002822 seconds 
========================================================================
Received Import Request.
  Time since last request: 0.000054 seconds.
  path: Assets/Samples/XR Interaction Toolkit/2.0.1/Starter Assets/XRI Default Input Actions.inputactions
  artifactKey: Guid(c348712bda248c246b8c49b3db54643f) Importer(815301076,1909f56bfc062723c751e8b465ee728b)
Start importing Assets/Samples/XR Interaction Toolkit/2.0.1/Starter Assets/XRI Default Input Actions.inputactions using Guid(c348712bda248c246b8c49b3db54643f) Importer(815301076,1909f56bfc062723c751e8b465ee728b)  -> (artifact id: '2bde751be6ebe93f50f6471ded8c0817') in 0.044694 seconds 
========================================================================
Received Import Request.
  Time since last request: 212.062237 seconds.
  path: Assets/XR/XRGeneralSettings.asset
  artifactKey: Guid(a417a5904b9fd4c3182b8259d420fd08) Importer(815301076,1909f56bfc062723c751e8b465ee728b)
Start importing Assets/XR/XRGeneralSettings.asset using Guid(a417a5904b9fd4c3182b8259d420fd08) Importer(815301076,1909f56bfc062723c751e8b465ee728b)  -> (artifact id: '631d24fb99a3682f4e887935545c9e4e') in 0.067790 seconds 
========================================================================
Received Import Request.
  Time since last request: 41.582483 seconds.
  path: Assets/Scenes/SampleScene.unity
  artifactKey: Guid(9fc0d4010bbf28b4594072e72b8655ab) Importer(815301076,1909f56bfc062723c751e8b465ee728b)
Start importing Assets/Scenes/SampleScene.unity using Guid(9fc0d4010bbf28b4594072e72b8655ab) Importer(815301076,1909f56bfc062723c751e8b465ee728b)  -> (artifact id: '3cc543865ef8e9a79821693d4970ac2c') in 0.002248 seconds 
========================================================================
Received Import Request.
  Time since last request: 179.355734 seconds.
  path: Assets/New Controls.inputactions
  artifactKey: Guid(e95a2c62582e742218072f4f1681e540) Importer(815301076,1909f56bfc062723c751e8b465ee728b)
Start importing Assets/New Controls.inputactions using Guid(e95a2c62582e742218072f4f1681e540) Importer(815301076,1909f56bfc062723c751e8b465ee728b)  -> (artifact id: '5debe770dd144d82444f63822765ee4f') in 0.006151 seconds 
========================================================================
Received Import Request.
  Time since last request: 28.201263 seconds.
  path: Assets/InputManager
  artifactKey: Guid(ad520543c236746f888b71fa6331b755) Importer(815301076,1909f56bfc062723c751e8b465ee728b)
Start importing Assets/InputManager using Guid(ad520543c236746f888b71fa6331b755) Importer(815301076,1909f56bfc062723c751e8b465ee728b)  -> (artifact id: '778feec56a42c0bbf2971dd1128b503e') in 0.001408 seconds 
========================================================================
Received Import Request.
  Time since last request: 9.091943 seconds.
  path: Assets/InputActionManager
  artifactKey: Guid(ad520543c236746f888b71fa6331b755) Importer(815301076,1909f56bfc062723c751e8b465ee728b)
Start importing Assets/InputActionManager using Guid(ad520543c236746f888b71fa6331b755) Importer(815301076,1909f56bfc062723c751e8b465ee728b)  -> (artifact id: 'af52076d9af8bda33d73a9a82e6e20f5') in 0.001213 seconds 
========================================================================
Received Import Request.
  Time since last request: 88.270639 seconds.
  path: Assets/InputActionManager/InputActionManager-.inputactions
  artifactKey: Guid(dfbd03f35835341d586ed3fba9641fa2) Importer(815301076,1909f56bfc062723c751e8b465ee728b)
Start importing Assets/InputActionManager/InputActionManager-.inputactions using Guid(dfbd03f35835341d586ed3fba9641fa2) Importer(815301076,1909f56bfc062723c751e8b465ee728b)  -> (artifact id: 'bd30ca3bb3d6a77c5b62e5d6a7691557') in 0.006571 seconds 
========================================================================
Received Import Request.
  Time since last request: 118.728389 seconds.
  path: Assets/XRI/Settings
  artifactKey: Guid(c17d1ef577fed4476a5885dcb52eb037) Importer(815301076,1909f56bfc062723c751e8b465ee728b)
Start importing Assets/XRI/Settings using Guid(c17d1ef577fed4476a5885dcb52eb037) Importer(815301076,1909f56bfc062723c751e8b465ee728b)  -> (artifact id: 'b942dc7bce3a97c6160bd7dcffcdf375') in 0.002372 seconds 
========================================================================
Received Import Request.
  Time since last request: 0.000130 seconds.
  path: Assets/XRI/Settings/XRInteractionEditorSettings.asset
  artifactKey: Guid(43db65b0772bf437aae8c5db82f42fd8) Importer(815301076,1909f56bfc062723c751e8b465ee728b)
Start importing Assets/XRI/Settings/XRInteractionEditorSettings.asset using Guid(43db65b0772bf437aae8c5db82f42fd8) Importer(815301076,1909f56bfc062723c751e8b465ee728b)  -> (artifact id: 'f598927bb6a5a0e9ff4193b15a6ba586') in 0.013493 seconds 
========================================================================
Received Import Request.
  Time since last request: 0.917961 seconds.
  path: Assets/XRI/Settings/Resources
  artifactKey: Guid(db5809b508f754958a139fbe2563f113) Importer(815301076,1909f56bfc062723c751e8b465ee728b)
Start importing Assets/XRI/Settings/Resources using Guid(db5809b508f754958a139fbe2563f113) Importer(815301076,1909f56bfc062723c751e8b465ee728b)  -> (artifact id: 'abb026a285ea3c9d0ac9d68f1178ec0c') in 0.001676 seconds 
========================================================================
Received Import Request.
  Time since last request: 0.053922 seconds.
  path: Assets/XRI/Settings/Resources/InteractionLayerSettings.asset
  artifactKey: Guid(e6d32e545ad8845618341ee2c2c2fa23) Importer(815301076,1909f56bfc062723c751e8b465ee728b)
Start importing Assets/XRI/Settings/Resources/InteractionLayerSettings.asset using Guid(e6d32e545ad8845618341ee2c2c2fa23) Importer(815301076,1909f56bfc062723c751e8b465ee728b)  -> (artifact id: 'aa2b4f0ff62a26719f04148bf6f115c9') in 0.003407 seconds 
========================================================================
Received Import Request.
  Time since last request: 75.456004 seconds.
  path: Assets
  artifactKey: Guid(00000000000000001000000000000000) Importer(815301076,1909f56bfc062723c751e8b465ee728b)
Start importing Assets using Guid(00000000000000001000000000000000) Importer(815301076,1909f56bfc062723c751e8b465ee728b)  -> (artifact id: '79842766b460edbeab6a34051e857a80') in 0.001549 seconds 
